Using pre-set license
Built from '2021.3/evg/staging/82bb020e-b03b1330/draft-0' branch; Version is '2021.3.16f1 (4016570cf34f) revision 4200023'; Using compiler version '192829333'; Build Type 'Release'
OS: 'Windows 11  (10.0.22635) 64bit Professional' Language: 'ru' Physical Memory: 15741 MB
BatchMode: 1, IsHumanControllingUs: 0, StartBugReporterOnCrash: 0, Is64bit: 1, IsPro: 1

COMMAND LINE ARGUMENTS:
B:\Univ\Unity\2021.3.16f1\Editor\Unity.exe
-adb2
-batchMode
-noUpm
-name
AssetImportWorker0
-projectPath
B:/Univ/Unity/lab1
-logFile
Logs/AssetImportWorker0.log
-srvPort
55612
Successfully changed project path to: B:/Univ/Unity/lab1
B:/Univ/Unity/lab1
[UnityMemory] Configuration Parameters - Can be set up in boot.config
    "memorysetup-bucket-allocator-granularity=16"
    "memorysetup-bucket-allocator-bucket-count=8"
    "memorysetup-bucket-allocator-block-size=33554432"
    "memorysetup-bucket-allocator-block-count=8"
    "memorysetup-main-allocator-block-size=16777216"
    "memorysetup-thread-allocator-block-size=16777216"
    "memorysetup-gfx-main-allocator-block-size=16777216"
    "memorysetup-gfx-thread-allocator-block-size=16777216"
    "memorysetup-cache-allocator-block-size=4194304"
    "memorysetup-typetree-allocator-block-size=2097152"
    "memorysetup-profiler-bucket-allocator-granularity=16"
    "memorysetup-profiler-bucket-allocator-bucket-count=8"
    "memorysetup-profiler-bucket-allocator-block-size=33554432"
    "memorysetup-profiler-bucket-allocator-block-count=8"
    "memorysetup-profiler-allocator-block-size=16777216"
    "memorysetup-profiler-editor-allocator-block-size=1048576"
    "memorysetup-temp-allocator-size-main=16777216"
    "memorysetup-job-temp-allocator-block-size=2097152"
    "memorysetup-job-temp-allocator-block-size-background=1048576"
    "memorysetup-job-temp-allocator-reduction-small-platforms=262144"
    "memorysetup-temp-allocator-size-background-worker=32768"
    "memorysetup-temp-allocator-size-job-worker=262144"
    "memorysetup-temp-allocator-size-preload-manager=33554432"
    "memorysetup-temp-allocator-size-nav-mesh-worker=65536"
    "memorysetup-temp-allocator-size-audio-worker=65536"
    "memorysetup-temp-allocator-size-cloud-worker=32768"
    "memorysetup-temp-allocator-size-gi-baking-worker=262144"
    "memorysetup-temp-allocator-size-gfx=262144"
Player connection [26724] Host "[IP] 192.168.1.103 [Port] 0 [Flags] 2 [Guid] 349768734 [EditorId] 349768734 [Version] 1048832 [Id] WindowsEditor(7,DESKTOP-AKSPD3P) [Debug] 1 [PackageName] WindowsEditor [ProjectName] Editor" joined multi-casting on [225.0.0.222:54997]...

Player connection [26724] Host "[IP] 192.168.1.103 [Port] 0 [Flags] 2 [Guid] 349768734 [EditorId] 349768734 [Version] 1048832 [Id] WindowsEditor(7,DESKTOP-AKSPD3P) [Debug] 1 [PackageName] WindowsEditor [ProjectName] Editor" joined alternative multi-casting on [225.0.0.222:34997]...

Refreshing native plugins compatible for Editor in 56.61 ms, found 2 plugins.
Preloading 0 native plugins for Editor in 0.00 ms.
Initialize engine version: 2021.3.16f1 (4016570cf34f)
[Subsystems] Discovering subsystems at path B:/Univ/Unity/2021.3.16f1/Editor/Data/Resources/UnitySubsystems
[Subsystems] Discovering subsystems at path B:/Univ/Unity/lab1/Assets
GfxDevice: creating device client; threaded=0; jobified=0
Direct3D:
    Version:  Direct3D 11.0 [level 11.1]
    Renderer: NVIDIA GeForce GTX 1650 (ID=0x1f99)
    Vendor:   NVIDIA
    VRAM:     3949 MB
    Driver:   31.0.15.3734
Initialize mono
Mono path[0] = 'B:/Univ/Unity/2021.3.16f1/Editor/Data/Managed'
Mono path[1] = 'B:/Univ/Unity/2021.3.16f1/Editor/Data/MonoBleedingEdge/lib/mono/unityjit-win32'
Mono config path = 'B:/Univ/Unity/2021.3.16f1/Editor/Data/MonoBleedingEdge/etc'
Using monoOptions --debugger-agent=transport=dt_socket,embedding=1,server=y,suspend=n,address=127.0.0.1:56176
Begin MonoManager ReloadAssembly
Registering precompiled unity dll's ...
Register platform support module: B:/Univ/Unity/2021.3.16f1/Editor/Data/PlaybackEngines/WindowsStandaloneSupport/UnityEditor.WindowsStandalone.Extensions.dll
Registered in 0.001495 seconds.
Native extension for WindowsStandalone target not found
Refreshing native plugins compatible for Editor in 57.42 ms, found 2 plugins.
Preloading 0 native plugins for Editor in 0.00 ms.
Mono: successfully reloaded assembly
- Completed reload, in  0.593 seconds
Domain Reload Profiling:
	ReloadAssembly (593ms)
		BeginReloadAssembly (76ms)
			ExecutionOrderSort (0ms)
			DisableScriptedObjects (0ms)
			BackupInstance (0ms)
			ReleaseScriptingObjects (0ms)
			CreateAndSetChildDomain (1ms)
		EndReloadAssembly (420ms)
			LoadAssemblies (75ms)
			RebuildTransferFunctionScriptingTraits (0ms)
			SetupTypeCache (101ms)
			ReleaseScriptCaches (0ms)
			RebuildScriptCaches (29ms)
			SetupLoadedEditorAssemblies (244ms)
				LogAssemblyErrors (0ms)
				InitializePlatformSupportModulesInManaged (7ms)
				SetLoadedEditorAssemblies (0ms)
				RefreshPlugins (58ms)
				BeforeProcessingInitializeOnLoad (1ms)
				ProcessInitializeOnLoadAttributes (135ms)
				ProcessInitializeOnLoadMethodAttributes (44ms)
				AfterProcessingInitializeOnLoad (0ms)
				EditorAssembliesLoaded (0ms)
			ExecutionOrderSort2 (0ms)
			AwakeInstancesAfterBackupRestoration (0ms)
Platform modules already initialized, skipping
Registering precompiled user dll's ...
Registered in 0.002391 seconds.
Begin MonoManager ReloadAssembly
Native extension for WindowsStandalone target not found
Refreshing native plugins compatible for Editor in 58.74 ms, found 2 plugins.
Preloading 0 native plugins for Editor in 0.00 ms.
Mono: successfully reloaded assembly
- Completed reload, in  1.120 seconds
Domain Reload Profiling:
	ReloadAssembly (1121ms)
		BeginReloadAssembly (110ms)
			ExecutionOrderSort (0ms)
			DisableScriptedObjects (5ms)
			BackupInstance (0ms)
			ReleaseScriptingObjects (0ms)
			CreateAndSetChildDomain (20ms)
		EndReloadAssembly (924ms)
			LoadAssemblies (83ms)
			RebuildTransferFunctionScriptingTraits (0ms)
			SetupTypeCache (248ms)
			ReleaseScriptCaches (1ms)
			RebuildScriptCaches (76ms)
			SetupLoadedEditorAssemblies (486ms)
				LogAssemblyErrors (0ms)
				InitializePlatformSupportModulesInManaged (12ms)
				SetLoadedEditorAssemblies (0ms)
				RefreshPlugins (59ms)
				BeforeProcessingInitializeOnLoad (76ms)
				ProcessInitializeOnLoadAttributes (255ms)
				ProcessInitializeOnLoadMethodAttributes (82ms)
				AfterProcessingInitializeOnLoad (2ms)
				EditorAssembliesLoaded (0ms)
			ExecutionOrderSort2 (0ms)
			AwakeInstancesAfterBackupRestoration (5ms)
Platform modules already initialized, skipping
========================================================================
Worker process is ready to serve import requests
Launched and connected shader compiler UnityShaderCompiler.exe after 0.05 seconds
Refreshing native plugins compatible for Editor in 0.80 ms, found 2 plugins.
Preloading 0 native plugins for Editor in 0.00 ms.
Unloading 4028 Unused Serialized files (Serialized files now loaded: 0)
Unloading 30 unused Assets / (1.5 MB). Loaded Objects now: 4484.
Memory consumption went from 180.2 MB to 178.7 MB.
Total: 3.966700 ms (FindLiveObjects: 0.357000 ms CreateObjectMapping: 0.137000 ms MarkObjects: 3.028200 ms  DeleteObjects: 0.442900 ms)

AssetImportParameters requested are different than current active one (requested -> active):
  custom:video-decoder-ogg-theora: a1e56fd34408186e4bbccfd4996cb3dc -> 
  custom:container-muxer-webm: aa71ff27fc2769a1b78a27578f13a17b -> 
  custom:container-demuxer-webm: 4f35f7cbe854078d1ac9338744f61a02 -> 
  custom:video-encoder-webm-vp8: eb34c28f22e8b96e1ab97ce403110664 -> 
  custom:audio-encoder-webm-vorbis: bf7c407c2cedff20999df2af8eb42d56 -> 
  custom:framework-win-MediaFoundation: 216162199b28c13a410421893ffa2e32 -> 
  custom:container-demuxer-ogg: 62fdf1f143b41e24485cea50d1cbac27 -> 
  custom:video-decoder-webm-vp8: 9c59270c3fd7afecdb556c50c9e8de78 -> 
  custom:audio-decoder-ogg-vorbis: bf7c407c2cedff20999df2af8eb42d56 -> 
========================================================================
Received Import Request.
  Time since last request: 1002501.618549 seconds.
  path: Assets/CreativeCore_UI/UI/Fonts/FjallaOne-Regular SDF.asset
  artifactKey: Guid(7e340a13b90d69948baefff578639517) Importer(815301076,1909f56bfc062723c751e8b465ee728b)
Start importing Assets/CreativeCore_UI/UI/Fonts/FjallaOne-Regular SDF.asset using Guid(7e340a13b90d69948baefff578639517) Importer(815301076,1909f56bfc062723c751e8b465ee728b)  -> (artifact id: '976f40d0c223f48f13517714ed8d3095') in 0.307570 seconds 
========================================================================
Received Import Request.
  Time since last request: 0.000033 seconds.
  path: Assets/CreativeCore_UI/UI/Fonts/Raleway-ExtraBold SDF.asset
  artifactKey: Guid(eb7db222aa68b30498b7ed7683ec96e2) Importer(815301076,1909f56bfc062723c751e8b465ee728b)
Start importing Assets/CreativeCore_UI/UI/Fonts/Raleway-ExtraBold SDF.asset using Guid(eb7db222aa68b30498b7ed7683ec96e2) Importer(815301076,1909f56bfc062723c751e8b465ee728b)  -> (artifact id: 'b8d7c4f706127fed6769334a32d527f4') in 0.030719 seconds 
========================================================================
Received Import Request.
  Time since last request: 4.649437 seconds.
  path: Assets/CreativeCore_UI/UI/Fonts/BebasNeue-Regular SDF.asset
  artifactKey: Guid(f9b111defd6d7a14cb1eb941a6b7defe) Importer(815301076,1909f56bfc062723c751e8b465ee728b)
Start importing Assets/CreativeCore_UI/UI/Fonts/BebasNeue-Regular SDF.asset using Guid(f9b111defd6d7a14cb1eb941a6b7defe) Importer(815301076,1909f56bfc062723c751e8b465ee728b)  -> (artifact id: 'ac75f921ca8ee586b644cd2f2e386aab') in 0.028168 seconds 
========================================================================
Received Import Request.
  Time since last request: 921.841578 seconds.
  path: Assets/CreativeCore_UI/Materials/Blue.mat
  artifactKey: Guid(7e43b487890baf74796ab34547473a7d) Importer(815301076,1909f56bfc062723c751e8b465ee728b)
Start importing Assets/CreativeCore_UI/Materials/Blue.mat using Guid(7e43b487890baf74796ab34547473a7d) Importer(815301076,1909f56bfc062723c751e8b465ee728b)  -> (artifact id: 'd18eb5664063730abf915fcabcef3399') in 0.084948 seconds 
========================================================================
Received Import Request.
  Time since last request: 0.000040 seconds.
  path: Assets/CreativeCore_UI/Materials/Chrome.mat
  artifactKey: Guid(c93cd8bc4a4f4934295539c10bd4c3fa) Importer(815301076,1909f56bfc062723c751e8b465ee728b)
Start importing Assets/CreativeCore_UI/Materials/Chrome.mat using Guid(c93cd8bc4a4f4934295539c10bd4c3fa) Importer(815301076,1909f56bfc062723c751e8b465ee728b)  -> (artifact id: '451b8910a4592a1ac77afcd303fac87d') in 0.055272 seconds 
========================================================================
Received Import Request.
  Time since last request: 0.000077 seconds.
  path: Assets/CreativeCore_UI/Materials/DarkGray.mat
  artifactKey: Guid(23a7e16797dfaad4ba9a20a5f284f02b) Importer(815301076,1909f56bfc062723c751e8b465ee728b)
Start importing Assets/CreativeCore_UI/Materials/DarkGray.mat using Guid(23a7e16797dfaad4ba9a20a5f284f02b) Importer(815301076,1909f56bfc062723c751e8b465ee728b)  -> (artifact id: '3839bba01d1cef9828f3da5702043166') in 0.081488 seconds 
========================================================================
Received Import Request.
  Time since last request: 0.413466 seconds.
  path: Assets/CreativeCore_UI/Models/Apple.FBX
  artifactKey: Guid(2bec0b11ea55f584fa54d787f5646572) Importer(815301076,1909f56bfc062723c751e8b465ee728b)
Start importing Assets/CreativeCore_UI/Models/Apple.FBX using Guid(2bec0b11ea55f584fa54d787f5646572) Importer(815301076,1909f56bfc062723c751e8b465ee728b)  -> (artifact id: '1850f70509eb98197e31d40fba3d84dd') in 0.341011 seconds 
========================================================================
Received Import Request.
  Time since last request: 0.000038 seconds.
  path: Assets/CreativeCore_UI/Models/Firepit.FBX
  artifactKey: Guid(89ca3740a15f7114e9c1ce977aac2398) Importer(815301076,1909f56bfc062723c751e8b465ee728b)
Start importing Assets/CreativeCore_UI/Models/Firepit.FBX using Guid(89ca3740a15f7114e9c1ce977aac2398) Importer(815301076,1909f56bfc062723c751e8b465ee728b)  -> (artifact id: '785643c32f936ad643ed42d1f079705d') in 0.047399 seconds 
========================================================================
Received Import Request.
  Time since last request: 0.000045 seconds.
  path: Assets/CreativeCore_UI/Models/Lemon.FBX
  artifactKey: Guid(5a23433154c6677409d9d838a5792f34) Importer(815301076,1909f56bfc062723c751e8b465ee728b)
Start importing Assets/CreativeCore_UI/Models/Lemon.FBX using Guid(5a23433154c6677409d9d838a5792f34) Importer(815301076,1909f56bfc062723c751e8b465ee728b)  -> (artifact id: 'e1addd456bdc19657c1b59c7301d41db') in 0.025902 seconds 
========================================================================
Received Import Request.
  Time since last request: 0.000031 seconds.
  path: Assets/CreativeCore_UI/Models/Banana.FBX
  artifactKey: Guid(de465aba8c9992f45b214f8c704d84f8) Importer(815301076,1909f56bfc062723c751e8b465ee728b)
Start importing Assets/CreativeCore_UI/Models/Banana.FBX using Guid(de465aba8c9992f45b214f8c704d84f8) Importer(815301076,1909f56bfc062723c751e8b465ee728b)  -> (artifact id: '2753705d3d4b4685f6b2349876585aef') in 0.022603 seconds 
========================================================================
Received Import Request.
  Time since last request: 0.000042 seconds.
  path: Assets/CreativeCore_UI/Models/BulbLamp.FBX
  artifactKey: Guid(b09ce3a12cceb854b87f5dd4e8222ee5) Importer(815301076,1909f56bfc062723c751e8b465ee728b)
Start importing Assets/CreativeCore_UI/Models/BulbLamp.FBX using Guid(b09ce3a12cceb854b87f5dd4e8222ee5) Importer(815301076,1909f56bfc062723c751e8b465ee728b)  -> (artifact id: '5bfb314f44b6511f5f57f2789afb051e') in 0.042424 seconds 
========================================================================
Received Import Request.
  Time since last request: 0.000029 seconds.
  path: Assets/CreativeCore_UI/Models/GalleryInterior.fbx
  artifactKey: Guid(e4384b4442f48e0409fcdc90e24e5f44) Importer(815301076,1909f56bfc062723c751e8b465ee728b)
Start importing Assets/CreativeCore_UI/Models/GalleryInterior.fbx using Guid(e4384b4442f48e0409fcdc90e24e5f44) Importer(815301076,1909f56bfc062723c751e8b465ee728b)  -> (artifact id: '442a650ae474a78c7507965c8d122b93') in 0.356099 seconds 
Editor requested this worker to shutdown with reason: Scaling down because of idle timeout
AssetImportWorker is now disconnected from the server
Process exiting
Exiting without the bug reporter. Application will terminate with return code 0